<?xml version="1.0" encoding="UTF-8" ?>
<testsuite failures="0" time="1.126" errors="0" skipped="0" tests="12" name="TestSuite">
  <properties>
    <property name="java.vendor" value="Sun Microsystems Inc."/>
    <property name="env.SYSTEMROOT" value="C:\Windows"/>
    <property name="localRepository" value="C:\Users\DanCastellani\.m2\repository"/>
    <property name="sun.java.launcher" value="SUN_STANDARD"/>
    <property name="sun.management.compiler" value="HotSpot 64-Bit Server Compiler"/>
    <property name="env.PROMPT" value="$P$G"/>
    <property name="os.name" value="Windows 7"/>
    <property name="env.FP_NO_HOST_CHECK" value="NO"/>
    <property name="sun.boot.class.path" value="D:\Program Files\Java\jdk1.6.0_18\jre\lib\resources.jar;D:\Program Files\Java\jdk1.6.0_18\jre\lib\rt.jar;D:\Program Files\Java\jdk1.6.0_18\jre\lib\sunrsasign.jar;D:\Program Files\Java\jdk1.6.0_18\jre\lib\jsse.jar;D:\Program Files\Java\jdk1.6.0_18\jre\lib\jce.jar;D:\Program Files\Java\jdk1.6.0_18\jre\lib\charsets.jar;D:\Program Files\Java\jdk1.6.0_18\jre\classes"/>
    <property name="env.COMPUTERNAME" value="X4"/>
    <property name="env.ALLUSERSPROFILE" value="C:\ProgramData"/>
    <property name="sun.desktop" value="windows"/>
    <property name="java.vm.specification.vendor" value="Sun Microsystems Inc."/>
    <property name="java.runtime.version" value="1.6.0_18-b07"/>
    <property name="env.HOMEPATH" value="\Users\DanCastellani"/>
    <property name="user.name" value="DanCastellani"/>
    <property name="env.PATH" value="d:\Program Files\CollabNet\Subversion Client;C:\Program Files\Common Files\Microsoft Shared\Windows Live;C:\Program Files (x86)\Common Files\Microsoft Shared\Windows Live;C:\Program Files (x86)\AMD APP\bin\x86_64;C:\Program Files (x86)\AMD APP\bin\x86;D:\oraclexe\app\oracle\product\10.2.0\server\bin;C:\Windows\system32;C:\Windows;C:\Windows\System32\Wbem;C:\Windows\System32\WindowsPowerShell\v1.0\;C:\Program Files (x86)\ATI Technologies\ATI.ACE\Core-Static;D:\svn-win32-1.6.6\bin;D:\apache-maven-2.2.1\bin;D:\Program Files\Java\jdk1.6.0_18\bin;C:\Program Files (x86)\Windows Live\Shared;D:\Program Files\TortoiseGit\bin;D:\Program Files\TortoiseSVN\bin;d:\RailsInstaller\Git\cmd;d:\RailsInstaller\Ruby1.9.3\bin"/>
    <property name="user.language" value="pt"/>
    <property name="env.WINDIR" value="C:\Windows"/>
    <property name="sun.boot.library.path" value="D:\Program Files\Java\jdk1.6.0_18\jre\bin"/>
    <property name="classworlds.conf" value="D:\apache-maven-2.2.1\bin\m2.conf"/>
    <property name="java.version" value="1.6.0_18"/>
    <property name="env.PROCESSOR_IDENTIFIER" value="AMD64 Family 16 Model 4 Stepping 3, AuthenticAMD"/>
    <property name="user.timezone" value="America/Sao_Paulo"/>
    <property name="env.TEMP" value="C:\Users\DANCAS~1\AppData\Local\Temp"/>
    <property name="sun.arch.data.model" value="64"/>
    <property name="java.endorsed.dirs" value="D:\Program Files\Java\jdk1.6.0_18\jre\lib\endorsed"/>
    <property name="sun.cpu.isalist" value="amd64"/>
    <property name="env.HOMEDRIVE" value="C:"/>
    <property name="sun.jnu.encoding" value="Cp1252"/>
    <property name="file.encoding.pkg" value="sun.io"/>
    <property name="env.SYSTEMDRIVE" value="C:"/>
    <property name="file.separator" value="\"/>
    <property name="java.specification.name" value="Java Platform API Specification"/>
    <property name="java.class.version" value="50.0"/>
    <property name="user.country" value="BR"/>
    <property name="java.home" value="D:\Program Files\Java\jdk1.6.0_18\jre"/>
    <property name="env.APPDATA" value="C:\Users\DanCastellani\AppData\Roaming"/>
    <property name="env.PUBLIC" value="C:\Users\Public"/>
    <property name="java.vm.info" value="mixed mode"/>
    <property name="env.OS" value="Windows_NT"/>
    <property name="os.version" value="6.1"/>
    <property name="env.AMDAPPSDKROOT" value="C:\Program Files (x86)\AMD APP\"/>
    <property name="path.separator" value=";"/>
    <property name="java.vm.version" value="16.0-b13"/>
    <property name="user.variant" value=""/>
    <property name="env.USERPROFILE" value="C:\Users\DanCastellani"/>
    <property name="env.JAVA_HOME" value="D:\Program Files\Java\jdk1.6.0_18"/>
    <property name="java.awt.printerjob" value="sun.awt.windows.WPrinterJob"/>
    <property name="env.TMP" value="C:\Users\DANCAS~1\AppData\Local\Temp"/>
    <property name="env.PROGRAMFILES" value="D:\Program Files"/>
    <property name="sun.io.unicode.encoding" value="UnicodeLittle"/>
    <property name="awt.toolkit" value="sun.awt.windows.WToolkit"/>
    <property name="user.home" value="C:\Users\DanCastellani"/>
    <property name="env.NB_EXEC_MAVEN_PROCESS_UUID" value="37917cf9-6840-4d49-a1ce-4a90cce45b0a"/>
    <property name="env.COMMONPROGRAMFILES" value="D:\Program Files\Common Files"/>
    <property name="env.SESSIONNAME" value="Console"/>
    <property name="java.specification.vendor" value="Sun Microsystems Inc."/>
    <property name="env.M2_HOME" value="D:\apache-maven-2.2.1"/>
    <property name="env.NUMBER_OF_PROCESSORS" value="4"/>
    <property name="java.library.path" value="D:\Program Files\Java\jdk1.6.0_18\bin;.;C:\Windows\Sun\Java\bin;C:\Windows\system32;C:\Windows;d:\Program Files\CollabNet\Subversion Client;C:\Program Files\Common Files\Microsoft Shared\Windows Live;C:\Program Files (x86)\Common Files\Microsoft Shared\Windows Live;C:\Program Files (x86)\AMD APP\bin\x86_64;C:\Program Files (x86)\AMD APP\bin\x86;D:\oraclexe\app\oracle\product\10.2.0\server\bin;C:\Windows\system32;C:\Windows;C:\Windows\System32\Wbem;C:\Windows\System32\WindowsPowerShell\v1.0\;C:\Program Files (x86)\ATI Technologies\ATI.ACE\Core-Static;D:\svn-win32-1.6.6\bin;D:\apache-maven-2.2.1\bin;D:\Program Files\Java\jdk1.6.0_18\bin;C:\Program Files (x86)\Windows Live\Shared;D:\Program Files\TortoiseGit\bin;D:\Program Files\TortoiseSVN\bin;d:\RailsInstaller\Git\cmd;d:\RailsInstaller\Ruby1.9.3\bin"/>
    <property name="java.vendor.url" value="http://java.sun.com/"/>
    <property name="env.COMMONPROGRAMFILES(X86)" value="D:\Program Files (x86)\Common Files"/>
    <property name="env.PSMODULEPATH" value="C:\Windows\system32\WindowsPowerShell\v1.0\Modules\"/>
    <property name="env.MAVEN_CMD_LINE_ARGS" value="clean install"/>
    <property name="java.vm.vendor" value="Sun Microsystems Inc."/>
    <property name="maven.home" value="D:\apache-maven-2.2.1"/>
    <property name="java.runtime.name" value="Java(TM) SE Runtime Environment"/>
    <property name="java.class.path" value="D:\apache-maven-2.2.1\boot\classworlds-1.1.jar"/>
    <property name="env.PROGRAMW6432" value="D:\Program Files"/>
    <property name="env.MAVEN_JAVA_EXE" value="&quot;D:\Program Files\Java\jdk1.6.0_18\bin\java.exe&quot;"/>
    <property name="env.PROGRAMFILES(X86)" value="D:\Program Files (x86)"/>
    <property name="java.vm.specification.name" value="Java Virtual Machine Specification"/>
    <property name="env.LOGONSERVER" value="\\X4"/>
    <property name="java.vm.specification.version" value="1.0"/>
    <property name="env.PROCESSOR_ARCHITECTURE" value="AMD64"/>
    <property name="env.COMMONPROGRAMW6432" value="D:\Program Files\Common Files"/>
    <property name="sun.os.patch.level" value="Service Pack 1"/>
    <property name="sun.cpu.endian" value="little"/>
    <property name="env.HOME" value="C:\Users\DanCastellani"/>
    <property name="surefire.test.class.path" value="E:\DanCastellani\Documents\NetBeansProjects\bbb\target\test-classes;E:\DanCastellani\Documents\NetBeansProjects\bbb\target\classes;C:\Users\DanCastellani\.m2\repository\org\eclipse\jetty\jetty-servlet\7.1.6.v20100715\jetty-servlet-7.1.6.v20100715.jar;C:\Users\DanCastellani\.m2\repository\org\eclipse\jetty\jetty-security\7.1.6.v20100715\jetty-security-7.1.6.v20100715.jar;C:\Users\DanCastellani\.m2\repository\org\eclipse\jetty\jetty-server\7.1.6.v20100715\jetty-server-7.1.6.v20100715.jar;C:\Users\DanCastellani\.m2\repository\javax\servlet\servlet-api\2.5\servlet-api-2.5.jar;C:\Users\DanCastellani\.m2\repository\org\eclipse\jetty\jetty-continuation\7.1.6.v20100715\jetty-continuation-7.1.6.v20100715.jar;C:\Users\DanCastellani\.m2\repository\org\eclipse\jetty\jetty-http\7.1.6.v20100715\jetty-http-7.1.6.v20100715.jar;C:\Users\DanCastellani\.m2\repository\org\eclipse\jetty\jetty-io\7.1.6.v20100715\jetty-io-7.1.6.v20100715.jar;C:\Users\DanCastellani\.m2\repository\org\eclipse\jetty\jetty-util\7.1.6.v20100715\jetty-util-7.1.6.v20100715.jar;C:\Users\DanCastellani\.m2\repository\javax\servlet\jsp\jsp-api\2.1\jsp-api-2.1.jar;C:\Users\DanCastellani\.m2\repository\org\codehaus\jackson\jackson-mapper-asl\1.8.5\jackson-mapper-asl-1.8.5.jar;C:\Users\DanCastellani\.m2\repository\org\codehaus\jackson\jackson-core-asl\1.8.5\jackson-core-asl-1.8.5.jar;C:\Users\DanCastellani\.m2\repository\javax\faces\jsf-api\2.0\jsf-api-2.0.jar;C:\Users\DanCastellani\.m2\repository\com\sun\faces\jsf-api\2.1.7\jsf-api-2.1.7.jar;C:\Users\DanCastellani\.m2\repository\com\sun\faces\jsf-impl\2.1.7\jsf-impl-2.1.7.jar;C:\Users\DanCastellani\.m2\repository\javax\servlet\jstl\1.2\jstl-1.2.jar;C:\Users\DanCastellani\.m2\repository\com\sun\el\el-ri\1.0\el-ri-1.0.jar;C:\Users\DanCastellani\.m2\repository\opensymphony\quartz\1.6.3\quartz-1.6.3.jar;C:\Users\DanCastellani\.m2\repository\commons-collections\commons-collections\3.2.1\commons-collections-3.2.1.jar;C:\Users\DanCastellani\.m2\repository\org\apache\directory\studio\org.apache.commons.logging\1.1.1\org.apache.commons.logging-1.1.1.jar;C:\Users\DanCastellani\.m2\repository\commons-logging\commons-logging\1.1.1\commons-logging-1.1.1.jar;C:\Users\DanCastellani\.m2\repository\javax\transaction\jta\1.1\jta-1.1.jar;C:\Users\DanCastellani\.m2\repository\com\googlecode\flyway\flyway-core\2.2\flyway-core-2.2.jar;C:\Users\DanCastellani\.m2\repository\org\testng\testng\6.1.1\testng-6.1.1.jar;C:\Users\DanCastellani\.m2\repository\junit\junit\3.8.1\junit-3.8.1.jar;C:\Users\DanCastellani\.m2\repository\org\beanshell\bsh\2.0b4\bsh-2.0b4.jar;C:\Users\DanCastellani\.m2\repository\com\beust\jcommander\1.12\jcommander-1.12.jar;C:\Users\DanCastellani\.m2\repository\org\yaml\snakeyaml\1.6\snakeyaml-1.6.jar;C:\Users\DanCastellani\.m2\repository\org\mockito\mockito-all\1.8.4\mockito-all-1.8.4.jar;C:\Users\DanCastellani\.m2\repository\org\hsqldb\hsqldb\2.2.8\hsqldb-2.2.8.jar;"/>
    <property name="java.io.tmpdir" value="C:\Users\DANCAS~1\AppData\Local\Temp\"/>
    <property name="env.PROCESSOR_REVISION" value="0403"/>
    <property name="java.vendor.url.bug" value="http://java.sun.com/cgi-bin/bugreport.cgi"/>
    <property name="env.COMSPEC" value="C:\Windows\system32\cmd.exe"/>
    <property name="env.PROGRAMDATA" value="C:\ProgramData"/>
    <property name="java.awt.graphicsenv" value="sun.awt.Win32GraphicsEnvironment"/>
    <property name="os.arch" value="amd64"/>
    <property name="java.ext.dirs" value="D:\Program Files\Java\jdk1.6.0_18\jre\lib\ext;C:\Windows\Sun\Java\lib\ext"/>
    <property name="user.dir" value="E:\DanCastellani\Documents\NetBeansProjects\bbb"/>
    <property name="env.LOCALAPPDATA" value="C:\Users\DanCastellani\AppData\Local"/>
    <property name="line.separator" value="
"/>
    <property name="java.vm.name" value="Java HotSpot(TM) 64-Bit Server VM"/>
    <property name="env.CLASSWORLDS_JAR" value="&quot;D:\apache-maven-2.2.1\boot\classworlds-1.1.jar&quot;"/>
    <property name="env.PATHEXT" value=".COM;.EXE;.BAT;.CMD;.VBS;.VBE;.JS;.JSE;.WSF;.WSH;.MSC"/>
    <property name="basedir" value="E:\DanCastellani\Documents\NetBeansProjects\bbb"/>
    <property name="env.ERROR_CODE" value="0"/>
    <property name="env.M2" value="D:\apache-maven-2.2.1\\bin"/>
    <property name="env.USERNAME" value="DanCastellani"/>
    <property name="file.encoding" value="Cp1252"/>
    <property name="env.USERDOMAIN" value="X4"/>
    <property name="java.specification.version" value="1.6"/>
    <property name="env.PROCESSOR_LEVEL" value="16"/>
  </properties>
  <testcase time="0.614" classname="br.danielcastellani.bbb.ContextoTest" name="criaConexao"/>
  <testcase time="0.004" classname="br.danielcastellani.bbb.dao.VotacaoDAOTest" name="quandoRecuperaVotosNaoDeveSerNull"/>
  <testcase time="0.001" classname="br.danielcastellani.bbb.dao.VotacaoDAOTest" name="recuperaVotacaoCorrenteComSucesso"/>
  <testcase time="0.003" classname="br.danielcastellani.bbb.dao.VotacaoDAOTest" name="salvaVotosComSucesso"/>
  <testcase time="0.002" classname="br.danielcastellani.bbb.service.VotacaoServiceTest" name="aposVotacaoTerminarNaoDeveContabilizarVotosQuandoVotarNaDireita"/>
  <testcase time="0.001" classname="br.danielcastellani.bbb.service.VotacaoServiceTest" name="aposVotacaoTerminarNaoDeveContabilizarVotosQuandoVotarNaEsquerda"/>
  <testcase time="0.001" classname="br.danielcastellani.bbb.service.VotacaoServiceTest" name="quandoSalvaVotacaoDeveReiniciarContagemCorrente"/>
  <testcase time="0.009" classname="br.danielcastellani.bbb.service.VotacaoServiceTest" name="quandoSalvarVotacaoMasHouverNovosVotosParaDireitaDeveSalvar"/>
  <testcase time="0.001" classname="br.danielcastellani.bbb.service.VotacaoServiceTest" name="quandoSalvarVotacaoMasHouverNovosVotosParaEsquerdaDeveSalvar"/>
  <testcase time="0" classname="br.danielcastellani.bbb.service.VotacaoServiceTest" name="quandoSalvarVotacaoMasNaoHouverNovosVotosNaoDeveSalvar"/>
  <testcase time="0.001" classname="br.danielcastellani.bbb.service.VotacaoServiceTest" name="quandoVotarNaDireitaIncrementaVotosDireita"/>
  <testcase time="0" classname="br.danielcastellani.bbb.service.VotacaoServiceTest" name="quandoVotarNaEsquerdaIncrementaVotosEsquerda"/>
</testsuite>