<?xml version="1.0" encoding="UTF-8" ?>
<testsuite failures="0" time="1.515" errors="0" skipped="0" tests="12" name="TestSuite">
  <properties>
    <property name="java.vendor" value="Oracle Corporation"/>
    <property name="env.SESSION_MANAGER" value="local/i5:@/tmp/.ICE-unix/1829,unix/i5:/tmp/.ICE-unix/1829"/>
    <property name="env.LESSOPEN" value="| /usr/bin/lesspipe %s"/>
    <property name="localRepository" value="/home/dancastellani/.m2/repository"/>
    <property name="sun.java.launcher" value="SUN_STANDARD"/>
    <property name="sun.management.compiler" value="HotSpot 64-Bit Tiered Compilers"/>
    <property name="env.MAKELEVEL" value="1"/>
    <property name="os.name" value="Linux"/>
    <property name="sun.boot.class.path" value="/usr/lib/jvm/java-7-openjdk-amd64/jre/lib/resources.jar:/usr/lib/jvm/java-7-openjdk-amd64/jre/lib/rt.jar:/usr/lib/jvm/java-7-openjdk-amd64/jre/lib/sunrsasign.jar:/usr/lib/jvm/java-7-openjdk-amd64/jre/lib/jsse.jar:/usr/lib/jvm/java-7-openjdk-amd64/jre/lib/jce.jar:/usr/lib/jvm/java-7-openjdk-amd64/jre/lib/charsets.jar:/usr/lib/jvm/java-7-openjdk-amd64/jre/lib/netx.jar:/usr/lib/jvm/java-7-openjdk-amd64/jre/lib/plugin.jar:/usr/lib/jvm/java-7-openjdk-amd64/jre/lib/rhino.jar:/usr/lib/jvm/java-7-openjdk-amd64/jre/lib/jfr.jar:/usr/lib/jvm/java-7-openjdk-amd64/jre/classes"/>
    <property name="env.PWD" value="/home/dancastellani/NetBeansProjects/teste-bbb"/>
    <property name="env.XDG_SESSION_COOKIE" value="6a36f79687fc17281e1a47be51892915-1373914203.451837-1766724912"/>
    <property name="sun.desktop" value="gnome"/>
    <property name="env.LANG" value="en_US.UTF-8"/>
    <property name="java.vm.specification.vendor" value="Oracle Corporation"/>
    <property name="java.runtime.version" value="1.7.0_21-b02"/>
    <property name="env.DEFAULTS_PATH" value="/usr/share/gconf/ubuntu.default.path"/>
    <property name="env.DISPLAY" value=":0"/>
    <property name="user.name" value="dancastellani"/>
    <property name="env._" value="/usr/bin/make"/>
    <property name="env.USER" value="dancastellani"/>
    <property name="env.SHELL" value="/bin/bash"/>
    <property name="env.DESKTOP_SESSION" value="ubuntu"/>
    <property name="env.XDG_DATA_DIRS" value="/usr/share/ubuntu:/usr/share/gnome:/usr/local/share/:/usr/share/"/>
    <property name="env.LC_ADDRESS" value="pt_BR.UTF-8"/>
    <property name="env.NODE_PATH" value="/usr/lib/nodejs:/usr/lib/node_modules:/usr/share/javascript"/>
    <property name="env.PATH" value="/usr/local/heroku/bin:/usr/lib/lightdm/lightdm:/usr/local/sbin:/usr/local/bin:/usr/sbin:/usr/bin:/sbin:/bin:/usr/games:/usr/local/games:/home/dancastellani/.rvm/bin"/>
    <property name="env.XDG_CURRENT_DESKTOP" value="Unity"/>
    <property name="user.language" value="en"/>
    <property name="env.LC_MONETARY" value="pt_BR.UTF-8"/>
    <property name="sun.boot.library.path" value="/usr/lib/jvm/java-7-openjdk-amd64/jre/lib/amd64"/>
    <property name="classworlds.conf" value="/usr/share/maven2/bin/m2.conf"/>
    <property name="env.TEXTDOMAIN" value="im-config"/>
    <property name="java.version" value="1.7.0_21"/>
    <property name="user.timezone" value="America/Sao_Paulo"/>
    <property name="env.DBUS_SESSION_BUS_ADDRESS" value="unix:abstract=/tmp/dbus-pLlYpJsHEc,guid=b32f1e04e73978c996df2e0d51e4445b"/>
    <property name="sun.arch.data.model" value="64"/>
    <property name="env.COMPIZ_CONFIG_PROFILE" value="ubuntu"/>
    <property name="env.SSH_AGENT_PID" value="1874"/>
    <property name="java.endorsed.dirs" value="/usr/lib/jvm/java-7-openjdk-amd64/jre/lib/endorsed"/>
    <property name="sun.cpu.isalist" value=""/>
    <property name="env.LC_PAPER" value="pt_BR.UTF-8"/>
    <property name="sun.jnu.encoding" value="UTF-8"/>
    <property name="file.encoding.pkg" value="sun.io"/>
    <property name="env.SHLVL" value="1"/>
    <property name="file.separator" value="/"/>
    <property name="java.specification.name" value="Java Platform API Specification"/>
    <property name="env.GNOME_DESKTOP_SESSION_ID" value="this-is-deprecated"/>
    <property name="java.class.version" value="51.0"/>
    <property name="env.GDMSESSION" value="ubuntu"/>
    <property name="user.country" value="US"/>
    <property name="env.GNOME_KEYRING_PID" value="1818"/>
    <property name="java.home" value="/usr/lib/jvm/java-7-openjdk-amd64/jre"/>
    <property name="java.vm.info" value="mixed mode"/>
    <property name="env.LOGNAME" value="dancastellani"/>
    <property name="os.version" value="3.8.0-25-generic"/>
    <property name="path.separator" value=":"/>
    <property name="java.vm.version" value="23.7-b01"/>
    <property name="env.TEXTDOMAINDIR" value="/usr/share/locale/"/>
    <property name="env.XDG_SESSION_PATH" value="/org/freedesktop/DisplayManager/Session0"/>
    <property name="env.LC_TELEPHONE" value="pt_BR.UTF-8"/>
    <property name="java.awt.printerjob" value="sun.print.PSPrinterJob"/>
    <property name="env.TERM" value="xterm"/>
    <property name="sun.io.unicode.encoding" value="UnicodeLittle"/>
    <property name="awt.toolkit" value="sun.awt.X11.XToolkit"/>
    <property name="env.LC_MEASUREMENT" value="pt_BR.UTF-8"/>
    <property name="user.home" value="/home/dancastellani"/>
    <property name="env.OLDPWD" value="/home/dancastellani/NetBeansProjects"/>
    <property name="java.specification.vendor" value="Oracle Corporation"/>
    <property name="env.MFLAGS" value=""/>
    <property name="env.WINDOWID" value="46137349"/>
    <property name="java.vendor.url" value="http://java.oracle.com/"/>
    <property name="java.library.path" value="/usr/java/packages/lib/amd64:/usr/lib/jni:/lib:/usr/lib"/>
    <property name="java.vm.vendor" value="Oracle Corporation"/>
    <property name="java.runtime.name" value="OpenJDK Runtime Environment"/>
    <property name="env.MAKEFLAGS" value=""/>
    <property name="maven.home" value="/usr/share/maven2"/>
    <property name="java.class.path" value="/usr/share/maven2/boot/classworlds.jar"/>
    <property name="sun.java.command" value="org.codehaus.classworlds.Launcher &quot;clean&quot; &quot;package&quot;"/>
    <property name="env.UBUNTU_MENUPROXY" value="libappmenu.so"/>
    <property name="java.vm.specification.name" value="Java Virtual Machine Specification"/>
    <property name="java.vm.specification.version" value="1.7"/>
    <property name="sun.os.patch.level" value="unknown"/>
    <property name="sun.cpu.endian" value="little"/>
    <property name="env.HOME" value="/home/dancastellani"/>
    <property name="surefire.test.class.path" value="/home/dancastellani/NetBeansProjects/teste-bbb/target/test-classes:/home/dancastellani/NetBeansProjects/teste-bbb/target/classes:/home/dancastellani/.m2/repository/org/eclipse/jetty/jetty-servlet/7.1.6.v20100715/jetty-servlet-7.1.6.v20100715.jar:/home/dancastellani/.m2/repository/org/eclipse/jetty/jetty-security/7.1.6.v20100715/jetty-security-7.1.6.v20100715.jar:/home/dancastellani/.m2/repository/org/eclipse/jetty/jetty-server/7.1.6.v20100715/jetty-server-7.1.6.v20100715.jar:/home/dancastellani/.m2/repository/javax/servlet/servlet-api/2.5/servlet-api-2.5.jar:/home/dancastellani/.m2/repository/org/eclipse/jetty/jetty-continuation/7.1.6.v20100715/jetty-continuation-7.1.6.v20100715.jar:/home/dancastellani/.m2/repository/org/eclipse/jetty/jetty-http/7.1.6.v20100715/jetty-http-7.1.6.v20100715.jar:/home/dancastellani/.m2/repository/org/eclipse/jetty/jetty-io/7.1.6.v20100715/jetty-io-7.1.6.v20100715.jar:/home/dancastellani/.m2/repository/org/eclipse/jetty/jetty-util/7.1.6.v20100715/jetty-util-7.1.6.v20100715.jar:/home/dancastellani/.m2/repository/javax/servlet/jsp/jsp-api/2.1/jsp-api-2.1.jar:/home/dancastellani/.m2/repository/org/codehaus/jackson/jackson-mapper-asl/1.8.5/jackson-mapper-asl-1.8.5.jar:/home/dancastellani/.m2/repository/org/codehaus/jackson/jackson-core-asl/1.8.5/jackson-core-asl-1.8.5.jar:/home/dancastellani/.m2/repository/javax/faces/jsf-api/2.0/jsf-api-2.0.jar:/home/dancastellani/.m2/repository/com/sun/faces/jsf-api/2.1.7/jsf-api-2.1.7.jar:/home/dancastellani/.m2/repository/com/sun/faces/jsf-impl/2.1.7/jsf-impl-2.1.7.jar:/home/dancastellani/.m2/repository/javax/servlet/jstl/1.2/jstl-1.2.jar:/home/dancastellani/.m2/repository/com/sun/el/el-ri/1.0/el-ri-1.0.jar:/home/dancastellani/.m2/repository/opensymphony/quartz/1.6.3/quartz-1.6.3.jar:/home/dancastellani/.m2/repository/commons-collections/commons-collections/3.2.1/commons-collections-3.2.1.jar:/home/dancastellani/.m2/repository/org/apache/directory/studio/org.apache.commons.logging/1.1.1/org.apache.commons.logging-1.1.1.jar:/home/dancastellani/.m2/repository/commons-logging/commons-logging/1.1.1/commons-logging-1.1.1.jar:/home/dancastellani/.m2/repository/javax/transaction/jta/1.1/jta-1.1.jar:/home/dancastellani/.m2/repository/com/googlecode/flyway/flyway-core/2.2/flyway-core-2.2.jar:/home/dancastellani/.m2/repository/org/testng/testng/6.1.1/testng-6.1.1.jar:/home/dancastellani/.m2/repository/junit/junit/3.8.1/junit-3.8.1.jar:/home/dancastellani/.m2/repository/org/beanshell/bsh/2.0b4/bsh-2.0b4.jar:/home/dancastellani/.m2/repository/com/beust/jcommander/1.12/jcommander-1.12.jar:/home/dancastellani/.m2/repository/org/yaml/snakeyaml/1.6/snakeyaml-1.6.jar:/home/dancastellani/.m2/repository/org/mockito/mockito-all/1.8.4/mockito-all-1.8.4.jar:/home/dancastellani/.m2/repository/org/hsqldb/hsqldb/2.2.8/hsqldb-2.2.8.jar:"/>
    <property name="java.io.tmpdir" value="/tmp"/>
    <property name="env.XDG_SEAT_PATH" value="/org/freedesktop/DisplayManager/Seat0"/>
    <property name="env.LS_COLORS" value="rs=0:di=01;34:ln=01;36:mh=00:pi=40;33:so=01;35:do=01;35:bd=40;33;01:cd=40;33;01:or=40;31;01:su=37;41:sg=30;43:ca=30;41:tw=30;42:ow=34;42:st=37;44:ex=01;32:*.tar=01;31:*.tgz=01;31:*.arj=01;31:*.taz=01;31:*.lzh=01;31:*.lzma=01;31:*.tlz=01;31:*.txz=01;31:*.zip=01;31:*.z=01;31:*.Z=01;31:*.dz=01;31:*.gz=01;31:*.lz=01;31:*.xz=01;31:*.bz2=01;31:*.bz=01;31:*.tbz=01;31:*.tbz2=01;31:*.tz=01;31:*.deb=01;31:*.rpm=01;31:*.jar=01;31:*.war=01;31:*.ear=01;31:*.sar=01;31:*.rar=01;31:*.ace=01;31:*.zoo=01;31:*.cpio=01;31:*.7z=01;31:*.rz=01;31:*.jpg=01;35:*.jpeg=01;35:*.gif=01;35:*.bmp=01;35:*.pbm=01;35:*.pgm=01;35:*.ppm=01;35:*.tga=01;35:*.xbm=01;35:*.xpm=01;35:*.tif=01;35:*.tiff=01;35:*.png=01;35:*.svg=01;35:*.svgz=01;35:*.mng=01;35:*.pcx=01;35:*.mov=01;35:*.mpg=01;35:*.mpeg=01;35:*.m2v=01;35:*.mkv=01;35:*.webm=01;35:*.ogm=01;35:*.mp4=01;35:*.m4v=01;35:*.mp4v=01;35:*.vob=01;35:*.qt=01;35:*.nuv=01;35:*.wmv=01;35:*.asf=01;35:*.rm=01;35:*.rmvb=01;35:*.flc=01;35:*.avi=01;35:*.fli=01;35:*.flv=01;35:*.gl=01;35:*.dl=01;35:*.xcf=01;35:*.xwd=01;35:*.yuv=01;35:*.cgm=01;35:*.emf=01;35:*.axv=01;35:*.anx=01;35:*.ogv=01;35:*.ogx=01;35:*.aac=00;36:*.au=00;36:*.flac=00;36:*.mid=00;36:*.midi=00;36:*.mka=00;36:*.mp3=00;36:*.mpc=00;36:*.ogg=00;36:*.ra=00;36:*.wav=00;36:*.axa=00;36:*.oga=00;36:*.spx=00;36:*.xspf=00;36:"/>
    <property name="java.vendor.url.bug" value="http://bugreport.sun.com/bugreport/"/>
    <property name="env.SSH_AUTH_SOCK" value="/run/user/dancastellani/keyring-XROXLE/ssh"/>
    <property name="java.awt.graphicsenv" value="sun.awt.X11GraphicsEnvironment"/>
    <property name="os.arch" value="amd64"/>
    <property name="java.ext.dirs" value="/usr/lib/jvm/java-7-openjdk-amd64/jre/lib/ext:/usr/java/packages/lib/ext"/>
    <property name="env.XDG_RUNTIME_DIR" value="/run/user/dancastellani"/>
    <property name="user.dir" value="/home/dancastellani/NetBeansProjects/teste-bbb"/>
    <property name="env.XAUTHORITY" value="/home/dancastellani/.Xauthority"/>
    <property name="env.MANDATORY_PATH" value="/usr/share/gconf/ubuntu.mandatory.path"/>
    <property name="env.GTK_MODULES" value="overlay-scrollbar"/>
    <property name="line.separator" value="
"/>
    <property name="java.vm.name" value="OpenJDK 64-Bit Server VM"/>
    <property name="env.LC_NUMERIC" value="pt_BR.UTF-8"/>
    <property name="env.COLORTERM" value="gnome-terminal"/>
    <property name="basedir" value="/home/dancastellani/NetBeansProjects/teste-bbb"/>
    <property name="env.LC_TIME" value="pt_BR.UTF-8"/>
    <property name="file.encoding" value="UTF-8"/>
    <property name="env.COMPIZ_BIN_PATH" value="/usr/bin/"/>
    <property name="env.LC_IDENTIFICATION" value="pt_BR.UTF-8"/>
    <property name="env.GPG_AGENT_INFO" value="/run/user/dancastellani/keyring-XROXLE/gpg:0:1"/>
    <property name="java.specification.version" value="1.7"/>
    <property name="env.GNOME_KEYRING_CONTROL" value="/run/user/dancastellani/keyring-XROXLE"/>
    <property name="env.XDG_CONFIG_DIRS" value="/etc/xdg/xdg-ubuntu:/etc/xdg"/>
    <property name="env.LC_NAME" value="pt_BR.UTF-8"/>
    <property name="env.LESSCLOSE" value="/usr/bin/lesspipe %s %s"/>
  </properties>
  <testcase time="0.888" classname="br.danielcastellani.bbb.ContextoTest" name="criaConexao"/>
  <testcase time="0.005" classname="br.danielcastellani.bbb.dao.VotacaoDAOTest" name="quandoRecuperaVotosNaoDeveSerNull"/>
  <testcase time="0.002" classname="br.danielcastellani.bbb.dao.VotacaoDAOTest" name="recuperaVotacaoCorrenteComSucesso"/>
  <testcase time="0.004" classname="br.danielcastellani.bbb.dao.VotacaoDAOTest" name="salvaVotosComSucesso"/>
  <testcase time="0.001" classname="br.danielcastellani.bbb.service.VotacaoServiceTest" name="aposVotacaoTerminarNaoDeveContabilizarVotosQuandoVotarNaDireita"/>
  <testcase time="0.001" classname="br.danielcastellani.bbb.service.VotacaoServiceTest" name="aposVotacaoTerminarNaoDeveContabilizarVotosQuandoVotarNaEsquerda"/>
  <testcase time="0" classname="br.danielcastellani.bbb.service.VotacaoServiceTest" name="quandoSalvaVotacaoDeveReiniciarContagemCorrente"/>
  <testcase time="0.011" classname="br.danielcastellani.bbb.service.VotacaoServiceTest" name="quandoSalvarVotacaoMasHouverNovosVotosParaDireitaDeveSalvar"/>
  <testcase time="0.001" classname="br.danielcastellani.bbb.service.VotacaoServiceTest" name="quandoSalvarVotacaoMasHouverNovosVotosParaEsquerdaDeveSalvar"/>
  <testcase time="0.001" classname="br.danielcastellani.bbb.service.VotacaoServiceTest" name="quandoSalvarVotacaoMasNaoHouverNovosVotosNaoDeveSalvar"/>
  <testcase time="0" classname="br.danielcastellani.bbb.service.VotacaoServiceTest" name="quandoVotarNaDireitaIncrementaVotosDireita"/>
  <testcase time="0" classname="br.danielcastellani.bbb.service.VotacaoServiceTest" name="quandoVotarNaEsquerdaIncrementaVotosEsquerda"/>
</testsuite>