<?xml version="1.0" encoding="UTF-8"?>
<!-- Generated by org.testng.reporters.JUnitReportReporter -->
<testsuite hostname="X4" name="br.danielcastellani.bbb.dao.VotacaoDAOTest" tests="3" failures="0" timestamp="16 Jul 2013 19:28:50 GMT" time="0,008" errors="0">
  <testcase name="recuperaVotacaoCorrenteComSucesso" time="0,001" classname="br.danielcastellani.bbb.dao.VotacaoDAOTest"/>
  <testcase name="quandoRecuperaVotosNaoDeveSerNull" time="0,004" classname="br.danielcastellani.bbb.dao.VotacaoDAOTest"/>
  <testcase name="salvaVotosComSucesso" time="0,003" classname="br.danielcastellani.bbb.dao.VotacaoDAOTest"/>
</testsuite>
