<?xml version="1.0" encoding="UTF-8"?>
<!-- Generated by org.testng.reporters.JUnitReportReporter -->
<testsuite hostname="i5" name="br.danielcastellani.bbb.service.VotacaoServiceTest" tests="8" failures="0" timestamp="17 Jul 2013 01:32:39 GMT" time="0.015" errors="0">
  <testcase name="quandoSalvarVotacaoMasHouverNovosVotosParaEsquerdaDeveSalvar" time="0.002" classname="br.danielcastellani.bbb.service.VotacaoServiceTest"/>
  <testcase name="quandoVotarNaEsquerdaIncrementaVotosEsquerda" time="0.000" classname="br.danielcastellani.bbb.service.VotacaoServiceTest"/>
  <testcase name="quandoVotarNaDireitaIncrementaVotosDireita" time="0.000" classname="br.danielcastellani.bbb.service.VotacaoServiceTest"/>
  <testcase name="quandoSalvarVotacaoMasHouverNovosVotosParaDireitaDeveSalvar" time="0.010" classname="br.danielcastellani.bbb.service.VotacaoServiceTest"/>
  <testcase name="aposVotacaoTerminarNaoDeveContabilizarVotosQuandoVotarNaEsquerda" time="0.001" classname="br.danielcastellani.bbb.service.VotacaoServiceTest"/>
  <testcase name="quandoSalvaVotacaoDeveReiniciarContagemCorrente" time="0.000" classname="br.danielcastellani.bbb.service.VotacaoServiceTest"/>
  <testcase name="aposVotacaoTerminarNaoDeveContabilizarVotosQuandoVotarNaDireita" time="0.001" classname="br.danielcastellani.bbb.service.VotacaoServiceTest"/>
  <testcase name="quandoSalvarVotacaoMasNaoHouverNovosVotosNaoDeveSalvar" time="0.001" classname="br.danielcastellani.bbb.service.VotacaoServiceTest"/>
</testsuite>
