<?xml version="1.0" encoding="UTF-8"?>
<!-- Generated by org.testng.reporters.JUnitReportReporter -->
<testsuite hostname="i5" name="br.danielcastellani.bbb.dao.VotacaoDAOTest" tests="3" failures="0" timestamp="17 Jul 2013 01:32:39 GMT" time="0.011" errors="0">
  <testcase name="salvaVotosComSucesso" time="0.004" classname="br.danielcastellani.bbb.dao.VotacaoDAOTest"/>
  <testcase name="recuperaVotacaoCorrenteComSucesso" time="0.002" classname="br.danielcastellani.bbb.dao.VotacaoDAOTest"/>
  <testcase name="quandoRecuperaVotosNaoDeveSerNull" time="0.005" classname="br.danielcastellani.bbb.dao.VotacaoDAOTest"/>
</testsuite>
